1352118546
1352118572
1352118575
1352119091
1352119292
1352119294
1352119298
1352119420
1352119424
1352119555
1352119690
1352119693
1352121178
1352121229
1352121621
1352121624
1352121687
1352121690
1352121754
1352122131
1352122166
1352122179
1352122182
1352122677
1352122680
1352122985
1352123015
1352123589
1352124538
1352124672
1352125345
1352125632
1352125644
1352125647
1352125968
1352125984
1352125987
1352126155
1352126172
1352129524
1352130206
1352130209
1352130534
1352130545
1352130551
1352130554
1352130577
1352130580
1352130583
1352130586
1352130717
1352130721
1352130741
1352130744
1352130748
1352130751
1352131215
1352131592
1352131627
1352131637
1352131648
1352131652
1352131676
1352131711
1352131715
1352131719
1352131738
1352131808
1352131813
1352131937
1352131970
1352131975
1352131995
1352132025
1352132032
1352132309
1352132437
1352132514
1352132526
1352133050
1352133062
1352133091
1352133133
1352133143
1352133342
1352133482
1352133964
1352133976
